ISim log file
Running: P:\FPGA2016\cache-management-FPGA\cache_controller\cache_ram_two_way_tb_isim_beh.exe -intstyle ise -gui -tclbatch isim.cmd -wdb P:/FPGA2016/cache-management-FPGA/cache_controller/cache_ram_two_way_tb_isim_beh.wdb 
ISim P.20131013 (signature 0x7708f090)
----------------------------------------------------------------------
INFO:Security:50 - The XILINXD_LICENSE_FILE environment variable is set to '2100@licserver'.
INFO:Security:52 - The LM_LICENSE_FILE environment variable is set to '27001@licserver:2100@licserver'.
WARNING:Security:43 - No license file was found in the standard Xilinx license directory.
WARNING:Security:44 - Since no license file was found,
       please run the Xilinx License Configuration Manager
       (xlcm or "Manage Xilinx Licenses")
       to assist in obtaining a license.
WARNING:Security:42 - Your software subscription period has lapsed. Your current version of Xilinx tools will continue to function, but you no longer qualify for Xilinx software updates or new releases.


----------------------------------------------------------------------
This is a Full version of ISim.
Time resolution is 1 ps
# onerror resume
# wave add /
# run 1000 ns
Simulator is doing circuit initialization process.
Finished circuit initialization process.
at 110 ns(1), Instance /cache_ram_two_way_tb/uut/ : Warning: There is an 'U'|'X'|'W'|'Z'|'-' in an arithmetic operand, the result will be 'X'(es).
at 110 ns(1), Instance /cache_ram_two_way_tb/uut/ : Warning: CONV_INTEGER: There is an 'U'|'X'|'W'|'Z'|'-' in an arithmetic operand, and it has been converted to 0.
at 110 ns(1), Instance /cache_ram_two_way_tb/uut/ : Warning: There is an 'U'|'X'|'W'|'Z'|'-' in an arithmetic operand, the result will be 'X'(es).
at 110 ns(1), Instance /cache_ram_two_way_tb/uut/ : Warning: CONV_INTEGER: There is an 'U'|'X'|'W'|'Z'|'-' in an arithmetic operand, and it has been converted to 0.
at 110 ns(1), Instance /cache_ram_two_way_tb/uut/ : Warning: There is an 'U'|'X'|'W'|'Z'|'-' in an arithmetic operand, the result will be 'X'(es).
at 110 ns(1), Instance /cache_ram_two_way_tb/uut/ : Warning: CONV_INTEGER: There is an 'U'|'X'|'W'|'Z'|'-' in an arithmetic operand, and it has been converted to 0.
at 110 ns(1), Instance /cache_ram_two_way_tb/uut/ : Warning: CONV_INTEGER: There is an 'U'|'X'|'W'|'Z'|'-' in an arithmetic operand, and it has been converted to 0.
at 110 ns(1), Instance /cache_ram_two_way_tb/uut/ : Warning: CONV_INTEGER: There is an 'U'|'X'|'W'|'Z'|'-' in an arithmetic operand, and it has been converted to 0.
at 110 ns(1), Instance /cache_ram_two_way_tb/uut/ : Warning: CONV_INTEGER: There is an 'U'|'X'|'W'|'Z'|'-' in an arithmetic operand, and it has been converted to 0.
at 110 ns(1), Instance /cache_ram_two_way_tb/uut/ : Warning: CONV_INTEGER: There is an 'U'|'X'|'W'|'Z'|'-' in an arithmetic operand, and it has been converted to 0.
at 110 ns(1), Instance /cache_ram_two_way_tb/uut/ : Warning: There is an 'U'|'X'|'W'|'Z'|'-' in an arithmetic operand, the result will be 'X'(es).
at 110 ns(1), Instance /cache_ram_two_way_tb/uut/ : Warning: CONV_INTEGER: There is an 'U'|'X'|'W'|'Z'|'-' in an arithmetic operand, and it has been converted to 0.
